Build started 09-Jul-20 8:28:46 PM.
     1>Project "E:\Rohit_Shedage\C Programs\Structure.c\Sturcture_Student\Sturcture_Student\Sturcture_Student.vcxproj" on node 2 (build target(s)).
     1>InitializeBuildStatus:
         Creating "Debug\Sturcture_Student.unsuccessfulbuild" because "AlwaysCreate" was specified.
       ClCompile:
         d:\Softwares\VS2010\VC\bin\CL.exe /c /ZI /nologo /W3 /WX- /Od /Oy- /D WIN32 /D _DEBUG /D _CONSOLE /D _UNICODE /D UNICODE /Gm /EHsc /RTC1 /MDd /GS /fp:precise /Zc:wchar_t /Zc:forScope /Fo"Debug\\" /Fd"Debug\vc100.pdb" /Gd /TC /analyze- /errorReport:prompt Student_Structure.c
         Student_Structure.c
     1>e:\rohit_shedage\c programs\structure.c\sturcture_student\sturcture_student\student_structure.c(90): warning C4244: '=' : conversion from 'int' to 'float', possible loss of data
     1>e:\rohit_shedage\c programs\structure.c\sturcture_student\sturcture_student\student_structure.c(112): warning C4996: 'scanf': This function or variable may be unsafe. Consider using scanf_s instead. To disable deprecation, use _CRT_SECURE_NO_WARNINGS. See online help for details.
                 d:\softwares\vs2010\vc\include\stdio.h(304) : see declaration of 'scanf'
       ManifestResourceCompile:
         All outputs are up-to-date.
       Link:
         d:\Softwares\VS2010\VC\bin\link.exe /ERRORREPORT:PROMPT /OUT:"E:\Rohit_Shedage\C Programs\Structure.c\Sturcture_Student\Debug\Sturcture_Student.exe" /INCREMENTAL /NOLOGO kernel32.lib user32.lib gdi32.lib winspool.lib comdlg32.lib advapi32.lib shell32.lib ole32.lib oleaut32.lib uuid.lib odbc32.lib odbccp32.lib /MANIFEST /ManifestFile:"Debug\Sturcture_Student.exe.intermediate.manifest" /MANIFESTUAC:"level='asInvoker' uiAccess='false'" /DEBUG /PDB:"E:\Rohit_Shedage\C Programs\Structure.c\Sturcture_Student\Debug\Sturcture_Student.pdb" /SUBSYSTEM:CONSOLE /TLBID:1 /DYNAMICBASE /NXCOMPAT /IMPLIB:"E:\Rohit_Shedage\C Programs\Structure.c\Sturcture_Student\Debug\Sturcture_Student.lib" /MACHINE:X86 Debug\Sturcture_Student.exe.embed.manifest.res
         Debug\Student_Structure.obj
       Manifest:
         C:\Program Files (x86)\Microsoft SDKs\Windows\v7.0A\bin\mt.exe /nologo /verbose /out:"Debug\Sturcture_Student.exe.embed.manifest" /manifest Debug\Sturcture_Student.exe.intermediate.manifest
         All outputs are up-to-date.
       LinkEmbedManifest:
         All outputs are up-to-date.
         Sturcture_Student.vcxproj -> E:\Rohit_Shedage\C Programs\Structure.c\Sturcture_Student\Debug\Sturcture_Student.exe
       FinalizeBuildStatus:
         Deleting file "Debug\Sturcture_Student.unsuccessfulbuild".
         Touching "Debug\Sturcture_Student.lastbuildstate".
     1>Done Building Project "E:\Rohit_Shedage\C Programs\Structure.c\Sturcture_Student\Sturcture_Student\Sturcture_Student.vcxproj" (build target(s)).

Build succeeded.

Time Elapsed 00:00:01.68
